  test.cpp
E:\C++Code\Code\2021\Jule\7-28\test-7-28-1\test.cpp(24,2): error C2804: 二进制“operator +”的参数太多
E:\C++Code\Code\2021\Jule\7-28\test-7-28-1\test.cpp(24,2): error C2333: “Date::operator +”: 函数声明中有错误；跳过函数体
